# JRE version: Java(TM) SE Runtime Environment (8.0_191-b12) (build 1.8.0_191-b12)
# Java VM: Java HotSpot(TM) 64-Bit Server VM (25.191-b12 mixed mode windows-amd64 compressed oops)
Heap:
 PSYoungGen      total 98304K, used 21623K [0x0000000785980000, 0x000000078c080000, 0x00000007c0000000)
  eden space 91136K, 23% used [0x0000000785980000,0x0000000786e9de80,0x000000078b280000)
  from space 7168K, 0% used [0x000000078b280000,0x000000078b280000,0x000000078b980000)
  to   space 7168K, 0% used [0x000000078b980000,0x000000078b980000,0x000000078c080000)
 ParOldGen       total 130560K, used 60924K [0x0000000710c00000, 0x0000000718b80000, 0x0000000785980000)
  object space 130560K, 46% used [0x0000000710c00000,0x000000071477f2f0,0x0000000718b80000)
 Metaspace       used 31252K, capacity 31758K, committed 32000K, reserved 1077248K
  class space    used 3897K, capacity 4027K, committed 4096K, reserved 1048576K
GC Heap History (10 events):
Event: 3.461 GC heap before
{Heap before GC invocations=3 (full 0):
 PSYoungGen      total 52736K, used 52492K [0x0000000785980000, 0x000000078c080000, 0x00000007c0000000)
  eden space 45568K, 100% used [0x0000000785980000,0x0000000788600000,0x0000000788600000)
  from space 7168K, 96% used [0x0000000788d00000,0x00000007893c32c8,0x0000000789400000)
  to   space 7168K, 0% used [0x0000000788600000,0x0000000788600000,0x0000000788d00000)
 ParOldGen       total 120320K, used 54142K [0x0000000710c00000, 0x0000000718180000, 0x0000000785980000)
  object space 120320K, 44% used [0x0000000710c00000,0x00000007140df900,0x0000000718180000)
 Metaspace       used 15958K, capacity 16176K, committed 16512K, reserved 1064960K
  class space    used 1770K, capacity 1839K, committed 1920K, reserved 1048576K
Event: 3.470 GC heap after
Heap after GC invocations=3 (full 0):
 PSYoungGen      total 52736K, used 7149K [0x0000000785980000, 0x000000078c080000, 0x00000007c0000000)
  eden space 45568K, 0% used [0x0000000785980000,0x0000000785980000,0x0000000788600000)
  from space 7168K, 99% used [0x0000000788600000,0x0000000788cfb440,0x0000000788d00000)
  to   space 7168K, 0% used [0x000000078b980000,0x000000078b980000,0x000000078c080000)
 ParOldGen       total 120320K, used 55263K [0x0000000710c00000, 0x0000000718180000, 0x0000000785980000)
  object space 120320K, 45% used [0x0000000710c00000,0x00000007141f7f10,0x0000000718180000)
 Metaspace       used 15958K, capacity 16176K, committed 16512K, reserved 1064960K
  class space    used 1770K, capacity 1839K, committed 1920K, reserved 1048576K
}
Event: 3.501 GC heap before
{Heap before GC invocations=4 (full 0):
 PSYoungGen      total 52736K, used 9739K [0x0000000785980000, 0x000000078c080000, 0x00000007c0000000)
  eden space 45568K, 5% used [0x0000000785980000,0x0000000785c07988,0x0000000788600000)
  from space 7168K, 99% used [0x0000000788600000,0x0000000788cfb440,0x0000000788d00000)
  to   space 7168K, 0% used [0x000000078b980000,0x000000078b980000,0x000000078c080000)
 ParOldGen       total 120320K, used 55263K [0x0000000710c00000, 0x0000000718180000, 0x0000000785980000)
  object space 120320K, 45% used [0x0000000710c00000,0x00000007141f7f10,0x0000000718180000)
 Metaspace       used 15980K, capacity 16208K, committed 16512K, reserved 1064960K
  class space    used 1773K, capacity 1871K, committed 1920K, reserved 1048576K
Event: 3.510 GC heap after
Heap after GC invocations=4 (full 0):
 PSYoungGen      total 98304K, used 7126K [0x0000000785980000, 0x000000078c080000, 0x00000007c0000000)
  eden space 91136K, 0% used [0x0000000785980000,0x0000000785980000,0x000000078b280000)
  from space 7168K, 99% used [0x000000078b980000,0x000000078c075a80,0x000000078c080000)
  to   space 7168K, 0% used [0x000000078b280000,0x000000078b280000,0x000000078b980000)
 ParOldGen       total 120320K, used 60016K [0x0000000710c00000, 0x0000000718180000, 0x0000000785980000)
  object space 120320K, 49% used [0x0000000710c00000,0x000000071469c3b0,0x0000000718180000)
 Metaspace       used 15980K, capacity 16208K, committed 16512K, reserved 1064960K
  class space    used 1773K, capacity 1871K, committed 1920K, reserved 1048576K
}
Event: 3.510 GC heap before
{Heap before GC invocations=5 (full 1):
 PSYoungGen      total 98304K, used 7126K [0x0000000785980000, 0x000000078c080000, 0x00000007c0000000)
  eden space 91136K, 0% used [0x0000000785980000,0x0000000785980000,0x000000078b280000)
  from space 7168K, 99% used [0x000000078b980000,0x000000078c075a80,0x000000078c080000)
  to   space 7168K, 0% used [0x000000078b280000,0x000000078b280000,0x000000078b980000)
 ParOldGen       total 120320K, used 60016K [0x0000000710c00000, 0x0000000718180000, 0x0000000785980000)
  object space 120320K, 49% used [0x0000000710c00000,0x000000071469c3b0,0x0000000718180000)
 Metaspace       used 15980K, capacity 16208K, committed 16512K, reserved 1064960K
  class space    used 1773K, capacity 1871K, committed 1920K, reserved 1048576K
Event: 3.551 GC heap after
Heap after GC invocations=5 (full 1):
 PSYoungGen      total 98304K, used 0K [0x0000000785980000, 0x000000078c080000, 0x00000007c0000000)
  eden space 91136K, 0% used [0x0000000785980000,0x0000000785980000,0x000000078b280000)
  from space 7168K, 0% used [0x000000078b980000,0x000000078b980000,0x000000078c080000)
  to   space 7168K, 0% used [0x000000078b280000,0x000000078b280000,0x000000078b980000)
 ParOldGen       total 120320K, used 45780K [0x0000000710c00000, 0x0000000718180000, 0x0000000785980000)
  object space 120320K, 38% used [0x0000000710c00000,0x00000007138b5260,0x0000000718180000)
 Metaspace       used 15980K, capacity 16208K, committed 16512K, reserved 1064960K
  class space    used 1773K, capacity 1871K, committed 1920K, reserved 1048576K
}
Event: 75.969 GC heap before
{Heap before GC invocations=6 (full 1):
 PSYoungGen      total 98304K, used 56887K [0x0000000785980000, 0x000000078c080000, 0x00000007c0000000)
  eden space 91136K, 62% used [0x0000000785980000,0x000000078910dd10,0x000000078b280000)
  from space 7168K, 0% used [0x000000078b980000,0x000000078b980000,0x000000078c080000)
  to   space 7168K, 0% used [0x000000078b280000,0x000000078b280000,0x000000078b980000)
 ParOldGen       total 120320K, used 45780K [0x0000000710c00000, 0x0000000718180000, 0x0000000785980000)
  object space 120320K, 38% used [0x0000000710c00000,0x00000007138b5260,0x0000000718180000)
 Metaspace       used 26873K, capacity 27196K, committed 27520K, reserved 1073152K
  class space    used 3265K, capacity 3362K, committed 3456K, reserved 1048576K
Event: 75.983 GC heap after
Heap after GC invocations=6 (full 1):
 PSYoungGen      total 98304K, used 5679K [0x0000000785980000, 0x000000078c080000, 0x00000007c0000000)
  eden space 91136K, 0% used [0x0000000785980000,0x0000000785980000,0x000000078b280000)
  from space 7168K, 79% used [0x000000078b280000,0x000000078b80bd98,0x000000078b980000)
  to   space 7168K, 0% used [0x000000078b980000,0x000000078b980000,0x000000078c080000)
 ParOldGen       total 120320K, used 55441K [0x0000000710c00000, 0x0000000718180000, 0x0000000785980000)
  object space 120320K, 46% used [0x0000000710c00000,0x0000000714224670,0x0000000718180000)
 Metaspace       used 26873K, capacity 27196K, committed 27520K, reserved 1073152K
  class space    used 3265K, capacity 3362K, committed 3456K, reserved 1048576K
}
Event: 75.983 GC heap before
{Heap before GC invocations=7 (full 2):
 PSYoungGen      total 98304K, used 5679K [0x0000000785980000, 0x000000078c080000, 0x00000007c0000000)
  eden space 91136K, 0% used [0x0000000785980000,0x0000000785980000,0x000000078b280000)
  from space 7168K, 79% used [0x000000078b280000,0x000000078b80bd98,0x000000078b980000)
  to   space 7168K, 0% used [0x000000078b980000,0x000000078b980000,0x000000078c080000)
 ParOldGen       total 120320K, used 55441K [0x0000000710c00000, 0x0000000718180000, 0x0000000785980000)
  object space 120320K, 46% used [0x0000000710c00000,0x0000000714224670,0x0000000718180000)
 Metaspace       used 26873K, capacity 27196K, committed 27520K, reserved 1073152K
  class space    used 3265K, capacity 3362K, committed 3456K, reserved 1048576K
Event: 76.067 GC heap after
Heap after GC invocations=7 (full 2):
 PSYoungGen      total 98304K, used 0K [0x0000000785980000, 0x000000078c080000, 0x00000007c0000000)
  eden space 91136K, 0% used [0x0000000785980000,0x0000000785980000,0x000000078b280000)
  from space 7168K, 0% used [0x000000078b280000,0x000000078b280000,0x000000078b980000)
  to   space 7168K, 0% used [0x000000078b980000,0x000000078b980000,0x000000078c080000)
 ParOldGen       total 130560K, used 60924K [0x0000000710c00000, 0x0000000718b80000, 0x0000000785980000)
  object space 130560K, 46% used [0x0000000710c00000,0x000000071477f2f0,0x0000000718b80000)
 Metaspace       used 26873K, capacity 27196K, committed 27520K, reserved 1073152K
  class space    used 3265K, capacity 3362K, committed 3456K, reserved 1048576K
}

